<?xml version="1.0" encoding="UTF-8"?>
<!-- Generated by org.testng.reporters.JUnitXMLReporter -->
<testsuite ignored="0" hostname="DESKTOP-FHM8NK9" failures="0" tests="7" name="mytest" time="15.126" errors="0" timestamp="2024-07-07T11:23:40 IST">
  <testcase classname="day42_TestNG.OrangeHRMTest" name="openapp" time="14.116"/>
  <testcase classname="day42_TestNG.OrangeHRMTest" name="testLogo" time="0.089"/>
  <testcase classname="day42_TestNG.OrangeHRMTest" name="login" time="0.382"/>
  <testcase classname="day42_TestNG.OrangeHRMTest" name="close" time="0.366"/>
  <testcase classname="day42_TestNG.TestNGDemo1" name="openapp" time="0.004"/>
  <testcase classname="day42_TestNG.TestNGDemo1" name="login" time="0.002"/>
  <testcase classname="day42_TestNG.TestNGDemo1" name="logout" time="0.002"/>
</testsuite> <!-- mytest -->
