<?xml version="1.0" encoding="UTF-8"?>
<!-- Generated by org.testng.reporters.JUnitXMLReporter -->
<testsuite ignored="6" hostname="DESKTOP-FHM8NK9" failures="0" tests="2" name="groupingTests" time="0.094" errors="0" timestamp="2024-07-17T11:15:26 IST">
  <testcase classname="day44_TestNGKey.GroupingDemoPayment" name="paymentInRupees" time="0.011"/>
  <testcase classname="day44_TestNGKey.GroupingDemoPayment" name="paymentInDollers" time="0.003"/>
  <testcase classname="day44_TestNGKey.GroupingDemoSignUp" name="signUpByTwitter" time="0.0">
    <ignored/>
  </testcase> <!-- signUpByTwitter -->
  <testcase classname="day44_TestNGKey.GroupingDemoLogin" name="loginByTwitter" time="0.0">
    <ignored/>
  </testcase> <!-- loginByTwitter -->
  <testcase classname="day44_TestNGKey.GroupingDemoLogin" name="loginByFB" time="0.0">
    <ignored/>
  </testcase> <!-- loginByFB -->
  <testcase classname="day44_TestNGKey.GroupingDemoSignUp" name="signUpByEmail" time="0.0">
    <ignored/>
  </testcase> <!-- signUpByEmail -->
  <testcase classname="day44_TestNGKey.GroupingDemoLogin" name="loginByEmail" time="0.0">
    <ignored/>
  </testcase> <!-- loginByEmail -->
  <testcase classname="day44_TestNGKey.GroupingDemoSignUp" name="signUpByFB" time="0.0">
    <ignored/>
  </testcase> <!-- signUpByFB -->
</testsuite> <!-- groupingTests -->
