<?xml version="1.0" encoding="UTF-8"?>
<!-- Generated by org.testng.reporters.JUnitXMLReporter -->
<testsuite ignored="0" hostname="DESKTOP-FHM8NK9" failures="0" tests="3" name="Test1" time="17.675" errors="0" timestamp="2024-07-18T12:32:21 IST">
  <testcase classname="day45dataProvider.ParamTest" name="testLogo" time="2.562"/>
  <testcase classname="day45dataProvider.ParamTest" name="testTitle" time="0.024"/>
  <testcase classname="day45dataProvider.ParamTest" name="testURL" time="0.022"/>
</testsuite> <!-- Test1 -->
