<?xml version="1.0" encoding="UTF-8"?>
<!-- Generated by org.testng.reporters.JUnitXMLReporter -->
<testsuite ignored="0" hostname="DESKTOP-FHM8NK9" failures="1" tests="3" name="Test" time="13.815" errors="0" timestamp="2024-07-19T14:26:18 IST">
  <testcase classname="day46TestNGListeners.OrangeHRM" name="testLogo" time="0.064"/>
  <testcase classname="day46TestNGListeners.OrangeHRM" name="testURL" time="0.022">
    <failure type="java.lang.AssertionError" message="expected [https:/opensource-demo.orangehrmlive.com/web/index.php/auth/login] but found [https://opensource-demo.orangehrmlive.com/web/index.php/auth/login]">
      <![CDATA[java.lang.AssertionError: expected [https:/opensource-demo.orangehrmlive.com/web/index.php/auth/login] but found [https://opensource-demo.orangehrmlive.com/web/index.php/auth/login]
at day46TestNGListeners.OrangeHRM.testURL(OrangeHRM.java:42)
at java.base/java.util.ArrayList.forEach(ArrayList.java:1511)
... Removed 33 stack frames]]>
    </failure>
  </testcase> <!-- testURL -->
  <testcase classname="day46TestNGListeners.OrangeHRM" name="testTitle" time="0.0">
    <skipped/>
  </testcase> <!-- testTitle -->
</testsuite> <!-- Test -->
