<?xml version="1.0" encoding="UTF-8"?>
<!-- Generated by org.testng.reporters.JUnitXMLReporter -->
<testsuite ignored="0" hostname="DESKTOP-FHM8NK9" failures="0" tests="3" name="Test3" time="33.457" errors="0" timestamp="2024-07-18T12:32:37 IST">
  <testcase classname="day45dataProvider.ParamTest" name="testLogo" time="0.075"/>
  <testcase classname="day45dataProvider.ParamTest" name="testTitle" time="0.008"/>
  <testcase classname="day45dataProvider.ParamTest" name="testURL" time="0.007"/>
</testsuite> <!-- Test3 -->
