<?xml version="1.0" encoding="UTF-8"?>
<!-- Generated by org.testng.reporters.JUnitXMLReporter -->
<testsuite ignored="0" hostname="DESKTOP-FHM8NK9" failures="0" tests="3" name="Test2" time="23.904" errors="0" timestamp="2024-07-18T12:32:28 IST">
  <testcase classname="day45dataProvider.ParamTest" name="testLogo" time="0.054"/>
  <testcase classname="day45dataProvider.ParamTest" name="testTitle" time="0.012"/>
  <testcase classname="day45dataProvider.ParamTest" name="testURL" time="0.009"/>
</testsuite> <!-- Test2 -->
